<?xml version="1.0" encoding="UTF-8"?>
<!-- Generated by org.testng.reporters.JUnitXMLReporter -->
<testsuite hostname="PSL-52D3V93" failures="1" tests="1" name="Mobile Browser Test1" time="132.197" errors="0" timestamp="27 Oct 2023 08:20:40 GMT">
  <testcase classname="com.testclasses.VIP_Profile_Testing" name="VerifyVIPProfiles" time="0.013">
    <failure type="java.lang.NullPointerException" message="Cannot invoke &amp;quot;com.utils.XlsReader.getRowCount(String)&amp;quot; because &amp;quot;com.pageobjects.DoctorProfilePage.datatable&amp;quot; is null">
      <![CDATA[java.lang.NullPointerException: Cannot invoke "com.utils.XlsReader.getRowCount(String)" because "com.pageobjects.DoctorProfilePage.datatable" is null
	at com.pageobjects.DoctorProfilePage.verifyVIPProfiles(DoctorProfilePage.java:189)
	at com.testclasses.VIP_Profile_Testing.VerifyVIPProfiles(VIP_Profile_Testing.java:26)
	at java.base/java.util.concurrent.FutureTask.run(FutureTask.java:264)
	at java.base/java.util.concurrent.ThreadPoolExecutor.runWorker(ThreadPoolExecutor.java:1136)
	at java.base/java.util.concurrent.ThreadPoolExecutor$Worker.run(ThreadPoolExecutor.java:635)
	at java.base/java.lang.Thread.run(Thread.java:833)
... Removed 16 stack frames]]>
    </failure>
  </testcase> <!-- VerifyVIPProfiles -->
</testsuite> <!-- Mobile Browser Test1 -->
