<?xml version="1.0" encoding="UTF-8"?>
<!-- Generated by org.testng.reporters.JUnitXMLReporter -->
<testsuite hostname="PSL-52D3V93" failures="0" tests="2" name="FAD test for VIP profiles" time="65.172" errors="0" timestamp="26 Oct 2023 09:57:43 GMT">
  <testcase classname="com.testclasses.HomePageTesting" name="HomePageLoadTest" time="24.404"/>
  <testcase classname="com.testclasses.HomePageTesting" name="generalVerificationHomePage" time="13.256"/>
</testsuite> <!-- FAD test for VIP profiles -->
