<?xml version="1.0" encoding="UTF-8"?>
<testng-results total="1" passed="1" failed="0" skipped="0">
  <reporter-output>
  </reporter-output>
  <suite started-at="2023-12-11T06:06:42Z" name="Default suite" finished-at="2023-12-11T06:07:54Z" duration-ms="71983">
    <groups>
    </groups>
    <test started-at="2023-12-11T06:06:42Z" name="Default test" finished-at="2023-12-11T06:07:54Z" duration-ms="71983">
      <class name="com.testclasses.FAD_Search_Testing">
        <test-method is-config="true" signature="setReport()[pri:0, instance:com.testclasses.FAD_Search_Testing@11963225]" started-at="2023-12-11T11:36:42Z" name="setReport" finished-at="2023-12-11T11:36:42Z" duration-ms="145" status="PASS">
          <reporter-output>
          </reporter-output>
        </test-method> <!-- setReport -->
        <test-method is-config="true" signature="init()[pri:0, instance:com.testclasses.FAD_Search_Testing@11963225]" started-at="2023-12-11T11:36:42Z" name="init" finished-at="2023-12-11T11:36:46Z" duration-ms="4383" status="PASS">
          <reporter-output>
          </reporter-output>
        </test-method> <!-- init -->
        <test-method signature="FADVerifyTest(java.lang.String)[pri:1, instance:com.testclasses.FAD_Search_Testing@11963225]" started-at="2023-12-11T11:36:46Z" name="FADVerifyTest" data-provider="data-provider" finished-at="2023-12-11T11:37:51Z" duration-ms="64545" status="PASS">
          <params>
            <param index="0">
              <value>
                <![CDATA[https://www.mountsinai.org/]]>
              </value>
            </param>
          </params>
          <reporter-output>
          </reporter-output>
        </test-method> <!-- FADVerifyTest -->
        <test-method is-config="true" signature="addResultsToTestRail(org.testng.ITestResult)[pri:0, instance:com.testclasses.FAD_Search_Testing@11963225]" started-at="2023-12-11T11:37:51Z" name="addResultsToTestRail" finished-at="2023-12-11T11:37:52Z" duration-ms="1329" status="PASS">
          <params>
            <param index="0">
              <value>
                <![CDATA[[TestResult name=FADVerifyTest status=SUCCESS method=FAD_Search_Testing.FADVerifyTest(java.lang.String)[pri:1, instance:com.testclasses.FAD_Search_Testing@11963225] output={null}]]]>
              </value>
            </param>
          </params>
          <reporter-output>
          </reporter-output>
        </test-method> <!-- addResultsToTestRail -->
        <test-method is-config="true" signature="tearDown(org.testng.ITestResult)[pri:0, instance:com.testclasses.FAD_Search_Testing@11963225]" started-at="2023-12-11T11:37:52Z" name="tearDown" finished-at="2023-12-11T11:37:52Z" duration-ms="517" status="PASS">
          <params>
            <param index="0">
              <value>
                <![CDATA[[TestResult name=FADVerifyTest status=SUCCESS method=FAD_Search_Testing.FADVerifyTest(java.lang.String)[pri:1, instance:com.testclasses.FAD_Search_Testing@11963225] output={null}]]]>
              </value>
            </param>
          </params>
          <reporter-output>
          </reporter-output>
        </test-method> <!-- tearDown -->
        <test-method is-config="true" signature="FinishTesting()[pri:0, instance:com.testclasses.FAD_Search_Testing@11963225]" started-at="2023-12-11T11:37:52Z" name="FinishTesting" finished-at="2023-12-11T11:37:53Z" duration-ms="994" status="PASS">
          <reporter-output>
          </reporter-output>
        </test-method> <!-- FinishTesting -->
        <test-method is-config="true" signature="endReport()[pri:0, instance:com.testclasses.FAD_Search_Testing@11963225]" started-at="2023-12-11T11:37:53Z" name="endReport" finished-at="2023-12-11T11:37:54Z" duration-ms="197" status="PASS">
          <reporter-output>
          </reporter-output>
        </test-method> <!-- endReport -->
        <test-method is-config="true" signature="closeExtent()[pri:0, instance:com.testclasses.FAD_Search_Testing@11963225]" started-at="2023-12-11T11:37:54Z" name="closeExtent" finished-at="2023-12-11T11:37:54Z" duration-ms="173" status="PASS">
          <reporter-output>
          </reporter-output>
        </test-method> <!-- closeExtent -->
      </class> <!-- com.testclasses.FAD_Search_Testing -->
    </test> <!-- Default test -->
  </suite> <!-- Default suite -->
</testng-results>
