<?xml version="1.0" encoding="UTF-8"?>
<testng-results total="1" passed="1" failed="0" skipped="0">
  <reporter-output>
  </reporter-output>
  <suite started-at="2023-10-31T08:31:01Z" name="Default suite" finished-at="2023-10-31T08:44:15Z" duration-ms="794450">
    <groups>
    </groups>
    <test started-at="2023-10-31T08:31:01Z" name="Default test" finished-at="2023-10-31T08:44:15Z" duration-ms="794450">
      <class name="com.testclasses.VIP_Profile_Testing">
        <test-method is-config="true" signature="setReport()[pri:0, instance:com.testclasses.VIP_Profile_Testing@7dac3fd8]" started-at="2023-10-31T14:01:01Z" name="setReport" finished-at="2023-10-31T14:01:01Z" duration-ms="101" status="PASS">
          <reporter-output>
          </reporter-output>
        </test-method> <!-- setReport -->
        <test-method is-config="true" signature="init()[pri:0, instance:com.testclasses.VIP_Profile_Testing@7dac3fd8]" started-at="2023-10-31T14:01:01Z" name="init" finished-at="2023-10-31T14:01:03Z" duration-ms="2194" status="PASS">
          <reporter-output>
          </reporter-output>
        </test-method> <!-- init -->
        <test-method signature="VerifyVIPProfiles()[pri:0, instance:com.testclasses.VIP_Profile_Testing@7dac3fd8]" started-at="2023-10-31T14:01:03Z" name="VerifyVIPProfiles" finished-at="2023-10-31T14:14:14Z" duration-ms="791331" status="PASS">
          <reporter-output>
          </reporter-output>
        </test-method> <!-- VerifyVIPProfiles -->
        <test-method is-config="true" signature="tearDown(org.testng.ITestResult)[pri:0, instance:com.testclasses.VIP_Profile_Testing@7dac3fd8]" started-at="2023-10-31T14:14:14Z" name="tearDown" finished-at="2023-10-31T14:14:15Z" duration-ms="445" status="PASS">
          <params>
            <param index="0">
              <value>
                <![CDATA[[TestResult name=VerifyVIPProfiles status=SUCCESS method=VIP_Profile_Testing.VerifyVIPProfiles()[pri:0, instance:com.testclasses.VIP_Profile_Testing@7dac3fd8] output={null}]]]>
              </value>
            </param>
          </params>
          <reporter-output>
          </reporter-output>
        </test-method> <!-- tearDown -->
        <test-method is-config="true" signature="FinishTesting()[pri:0, instance:com.testclasses.VIP_Profile_Testing@7dac3fd8]" started-at="2023-10-31T14:14:15Z" name="FinishTesting" finished-at="2023-10-31T14:14:15Z" duration-ms="313" status="PASS">
          <reporter-output>
          </reporter-output>
        </test-method> <!-- FinishTesting -->
        <test-method is-config="true" signature="endReport()[pri:0, instance:com.testclasses.VIP_Profile_Testing@7dac3fd8]" started-at="2023-10-31T14:14:15Z" name="endReport" finished-at="2023-10-31T14:14:15Z" duration-ms="142" status="PASS">
          <reporter-output>
          </reporter-output>
        </test-method> <!-- endReport -->
        <test-method is-config="true" signature="closeExtent()[pri:0, instance:com.testclasses.VIP_Profile_Testing@7dac3fd8]" started-at="2023-10-31T14:14:15Z" name="closeExtent" finished-at="2023-10-31T14:14:15Z" duration-ms="120" status="PASS">
          <reporter-output>
          </reporter-output>
        </test-method> <!-- closeExtent -->
      </class> <!-- com.testclasses.VIP_Profile_Testing -->
    </test> <!-- Default test -->
  </suite> <!-- Default suite -->
</testng-results>
